hello world from process 1 of 4
hello world from process 2 of 4
hello world. I am MASTER
hello world from process 3 of 4

------------------------------------------------------------
Sender: LSF System <lsfadmin@iitmc12n06-ib0>
Subject: Job 449570: <#!/bin/ksh;#BSUB -q "cccr-res";#BSUB -x;#BSUB -o "a.out"; export I_MPI_FABRICS=shm:dapl;mpirun -n 4 ./helloWorld.x> in cluster <iitmlsfcluster> Done

Job <#!/bin/ksh;#BSUB -q "cccr-res";#BSUB -x;#BSUB -o "a.out"; export I_MPI_FABRICS=shm:dapl;mpirun -n 4 ./helloWorld.x> was submitted from host <iitmlogin5-ib0> by user <msingh> in cluster <iitmlsfcluster>.
Job was executed on host(s) <iitmc12n06-ib0>, in queue <cccr-res>, as user <msingh> in cluster <iitmlsfcluster>.
</moes/home/msingh> was used as the home directory.
</iitm2/cccr-res/msingh/mpi_tutorials/MPI/1_HelloWorld> was used as the working directory.
Started at Thu Jun 23 15:55:57 2016
Results reported on Thu Jun 23 15:55:58 2016

Your job looked like:

------------------------------------------------------------
# LSBATCH: User input
#!/bin/ksh
#BSUB -q "cccr-res"
#BSUB -x
#BSUB -o "a.out"

export I_MPI_FABRICS=shm:dapl
mpirun -n 4 ./helloWorld.x

------------------------------------------------------------

Successfully completed.

Resource usage summary:

    CPU time :                                   0.42 sec.
    Max Memory :                                 23 MB
    Average Memory :                             -
    Total Requested Memory :                     -
    Delta Memory :                               -
    Max Swap :                                   -
    Max Processes :                              -
    Max Threads :                                -
    Job Energy Consumption :                     -
    Cycles Per Instruction :                     -
    Giga Instructions Per Second :               -
    Gigabytes per Second :                       -
    Giga FLoating-point Operations Per Second :  -
    Run time :                                   1 sec.
    Turnaround time :                            2 sec.

The output (if any) is above this job summary.

hello world from process 1 of 4
hello world from process 2 of 4
hello world from process 3 of 4
hello world. I am MASTER

------------------------------------------------------------
Sender: LSF System <lsfadmin@iitmc07n51-ib0>
Subject: Job 467544: <#!/bin/ksh;#BSUB -q "cccr-res";#BSUB -x;#BSUB -o "a.out"; export I_MPI_FABRICS=shm:dapl;mpirun -n 4 ./helloWorld.x> in cluster <iitmlsfcluster> Done

Job <#!/bin/ksh;#BSUB -q "cccr-res";#BSUB -x;#BSUB -o "a.out"; export I_MPI_FABRICS=shm:dapl;mpirun -n 4 ./helloWorld.x> was submitted from host <iitmlogin5-ib0> by user <msingh> in cluster <iitmlsfcluster>.
Job was executed on host(s) <iitmc07n51-ib0>, in queue <cccr-res>, as user <msingh> in cluster <iitmlsfcluster>.
</moes/home/msingh> was used as the home directory.
</iitm2/cccr-res/msingh/mpi_tutorials/MPI/1_HelloWorld> was used as the working directory.
Started at Wed Jun 29 12:20:29 2016
Results reported on Wed Jun 29 12:20:35 2016

Your job looked like:

------------------------------------------------------------
# LSBATCH: User input
#!/bin/ksh
#BSUB -q "cccr-res"
#BSUB -x
#BSUB -o "a.out"

export I_MPI_FABRICS=shm:dapl
mpirun -n 4 ./helloWorld.x

------------------------------------------------------------

Successfully completed.

Resource usage summary:

    CPU time :                                   21.80 sec.
    Max Memory :                                 24 MB
    Average Memory :                             22.00 MB
    Total Requested Memory :                     -
    Delta Memory :                               -
    Max Swap :                                   -
    Max Processes :                              9
    Max Threads :                                16
    Job Energy Consumption :                     -
    Cycles Per Instruction :                     -
    Giga Instructions Per Second :               -
    Gigabytes per Second :                       -
    Giga FLoating-point Operations Per Second :  -
    Run time :                                   6 sec.
    Turnaround time :                            7 sec.

The output (if any) is above this job summary.

 hello world. I am MASTER
 hello world from process           1  of            4
 hello world from process           2  of            4
 hello world from process           3  of            4

------------------------------------------------------------
Sender: LSF System <lsfadmin@iitmc24n29-ib0>
Subject: Job 468084: <#!/bin/ksh;#BSUB -q "cccr-res";#BSUB -x;#BSUB -o "a.out"; export I_MPI_FABRICS=shm:dapl;mpirun -n 4 ./helloWorld.x> in cluster <iitmlsfcluster> Done

Job <#!/bin/ksh;#BSUB -q "cccr-res";#BSUB -x;#BSUB -o "a.out"; export I_MPI_FABRICS=shm:dapl;mpirun -n 4 ./helloWorld.x> was submitted from host <iitmlogin5-ib0> by user <msingh> in cluster <iitmlsfcluster>.
Job was executed on host(s) <iitmc24n29-ib0>, in queue <cccr-res>, as user <msingh> in cluster <iitmlsfcluster>.
</moes/home/msingh> was used as the home directory.
</iitm2/cccr-res/msingh/mpi_tutorials/MPI/1_HelloWorld> was used as the working directory.
Started at Wed Jun 29 15:44:04 2016
Results reported on Wed Jun 29 15:44:05 2016

Your job looked like:

------------------------------------------------------------
# LSBATCH: User input
#!/bin/ksh
#BSUB -q "cccr-res"
#BSUB -x
#BSUB -o "a.out"

export I_MPI_FABRICS=shm:dapl
mpirun -n 4 ./helloWorld.x

------------------------------------------------------------

Successfully completed.

Resource usage summary:

    CPU time :                                   0.44 sec.
    Max Memory :                                 24 MB
    Average Memory :                             -
    Total Requested Memory :                     -
    Delta Memory :                               -
    Max Swap :                                   -
    Max Processes :                              -
    Max Threads :                                -
    Job Energy Consumption :                     -
    Cycles Per Instruction :                     -
    Giga Instructions Per Second :               -
    Gigabytes per Second :                       -
    Giga FLoating-point Operations Per Second :  -
    Run time :                                   1 sec.
    Turnaround time :                            2 sec.

The output (if any) is above this job summary.

 hello world from process           2  of            4
 hello world. I am MASTER
 hello world from process           1  of            4
 hello world from process           3  of            4

------------------------------------------------------------
Sender: LSF System <lsfadmin@iitmc20n35-ib0>
Subject: Job 468445: <#!/bin/ksh;#BSUB -q "cccr-res";#BSUB -x;#BSUB -o "a.out"; export I_MPI_FABRICS=shm:dapl;mpiexec.hydra -n 4 ./helloWorld.x> in cluster <iitmlsfcluster> Done

Job <#!/bin/ksh;#BSUB -q "cccr-res";#BSUB -x;#BSUB -o "a.out"; export I_MPI_FABRICS=shm:dapl;mpiexec.hydra -n 4 ./helloWorld.x> was submitted from host <iitmlogin5-ib0> by user <msingh> in cluster <iitmlsfcluster>.
Job was executed on host(s) <iitmc20n35-ib0>, in queue <cccr-res>, as user <msingh> in cluster <iitmlsfcluster>.
</moes/home/msingh> was used as the home directory.
</iitm2/cccr-res/msingh/mpi_tutorials/MPI/1_HelloWorld> was used as the working directory.
Started at Wed Jun 29 18:19:15 2016
Results reported on Wed Jun 29 18:19:16 2016

Your job looked like:

------------------------------------------------------------
# LSBATCH: User input
#!/bin/ksh
#BSUB -q "cccr-res"
#BSUB -x
#BSUB -o "a.out"

export I_MPI_FABRICS=shm:dapl
mpiexec.hydra -n 4 ./helloWorld.x

------------------------------------------------------------

Successfully completed.

Resource usage summary:

    CPU time :                                   0.42 sec.
    Max Memory :                                 23 MB
    Average Memory :                             -
    Total Requested Memory :                     -
    Delta Memory :                               -
    Max Swap :                                   -
    Max Processes :                              -
    Max Threads :                                -
    Job Energy Consumption :                     -
    Cycles Per Instruction :                     -
    Giga Instructions Per Second :               -
    Gigabytes per Second :                       -
    Giga FLoating-point Operations Per Second :  -
    Run time :                                   1 sec.
    Turnaround time :                            3 sec.

The output (if any) is above this job summary.

