 &HEAT_EQN_NML
 NI      =          30,
 NJ      =          30,
 DTTS    =  5.000000000000000E-006,
 NTSTEPS =       50000
 /
 cfl=  2.601456815816857E-004
 xt0  3.225806451612903E-002  6.451612903225806E-002  9.677419354838709E-002
  0.129032258064516       0.161290322580645       0.193548387096774     
  0.225806451612903       0.258064516129032       0.290322580645161     
  0.322580645161290       0.354838709677419       0.387096774193548     
  0.419354838709677       0.451612903225806       0.483870967741935     
  0.516129032258065       0.548387096774194       0.580645161290323     
  0.612903225806452       0.645161290322581       0.677419354838710     
  0.709677419354839       0.741935483870968       0.774193548387097     
  0.806451612903226       0.838709677419355       0.870967741935484     
  0.903225806451613       0.935483870967742       0.967741935483871     
 yt0  3.225806451612903E-002  6.451612903225806E-002  9.677419354838709E-002
  0.129032258064516       0.161290322580645       0.193548387096774     
  0.225806451612903       0.258064516129032       0.290322580645161     
  0.322580645161290       0.354838709677419       0.387096774193548     
  0.419354838709677       0.451612903225806       0.483870967741935     
  0.516129032258065       0.548387096774194       0.580645161290323     
  0.612903225806452       0.645161290322581       0.677419354838710     
  0.709677419354839       0.741935483870968       0.774193548387097     
  0.806451612903226       0.838709677419355       0.870967741935484     
  0.903225806451613       0.935483870967742       0.967741935483871     
 pe,iscomp,iecomp,jscomp,jecomp           3          16          30          16
          30
